Performing C SOURCE FILE Test CMAKE_HAVE_LIBC_PTHREAD failed with the following output:
Change Dir: /pbs/home/m/mpetro/sps_mpetro/Projects/TestFalaiseModule/SNCuts/build/CMakeFiles/CMakeTmp

Run Build Command(s):/usr/bin/gmake -f Makefile cmTC_4cada/fast && /usr/bin/gmake  -f CMakeFiles/cmTC_4cada.dir/build.make CMakeFiles/cmTC_4cada.dir/build
gmake[1]: Entering directory `/sps/nemo/scratch/mpetro/Projects/TestFalaiseModule/SNCuts/build/CMakeFiles/CMakeTmp'
Building C object CMakeFiles/cmTC_4cada.dir/src.c.o
/pbs/software/centos-7-x86_64/gcc/7.3.0/bin/gcc -DCMAKE_HAVE_LIBC_PTHREAD   -o CMakeFiles/cmTC_4cada.dir/src.c.o -c /pbs/home/m/mpetro/sps_mpetro/Projects/TestFalaiseModule/SNCuts/build/CMakeFiles/CMakeTmp/src.c
Linking C executable cmTC_4cada
/pbs/software/centos-7-x86_64/cmake/3.20.2/bin/cmake -E cmake_link_script CMakeFiles/cmTC_4cada.dir/link.txt --verbose=1
/pbs/software/centos-7-x86_64/gcc/7.3.0/bin/gcc -L/pbs/software/centos-7-x86_64/python/2.7.15/lib  -rdynamic CMakeFiles/cmTC_4cada.dir/src.c.o -o cmTC_4cada 
CMakeFiles/cmTC_4cada.dir/src.c.o: In function `main':
src.c:(.text+0x2d): undefined reference to `pthread_create'
src.c:(.text+0x39): undefined reference to `pthread_detach'
src.c:(.text+0x45): undefined reference to `pthread_cancel'
src.c:(.text+0x56): undefined reference to `pthread_join'
src.c:(.text+0x6a): undefined reference to `pthread_atfork'
collect2: error: ld returned 1 exit status
gmake[1]: *** [cmTC_4cada] Error 1
gmake[1]: Leaving directory `/sps/nemo/scratch/mpetro/Projects/TestFalaiseModule/SNCuts/build/CMakeFiles/CMakeTmp'
gmake: *** [cmTC_4cada/fast] Error 2


Source file was:
#include <pthread.h>

static void* test_func(void* data)
{
  return data;
}

int main(void)
{
  pthread_t thread;
  pthread_create(&thread, NULL, test_func, NULL);
  pthread_detach(thread);
  pthread_cancel(thread);
  pthread_join(thread, NULL);
  pthread_atfork(NULL, NULL, NULL);
  pthread_exit(NULL);

  return 0;
}

Determining if the function pthread_create exists in the pthreads failed with the following output:
Change Dir: /pbs/home/m/mpetro/sps_mpetro/Projects/TestFalaiseModule/SNCuts/build/CMakeFiles/CMakeTmp

Run Build Command(s):/usr/bin/gmake -f Makefile cmTC_cb2b0/fast && /usr/bin/gmake  -f CMakeFiles/cmTC_cb2b0.dir/build.make CMakeFiles/cmTC_cb2b0.dir/build
gmake[1]: Entering directory `/sps/nemo/scratch/mpetro/Projects/TestFalaiseModule/SNCuts/build/CMakeFiles/CMakeTmp'
Building C object CMakeFiles/cmTC_cb2b0.dir/CheckFunctionExists.c.o
/pbs/software/centos-7-x86_64/gcc/7.3.0/bin/gcc   -DCHECK_FUNCTION_EXISTS=pthread_create -o CMakeFiles/cmTC_cb2b0.dir/CheckFunctionExists.c.o -c /pbs/software/centos-7-x86_64/cmake/3.20.2/share/cmake-3.20/Modules/CheckFunctionExists.c
Linking C executable cmTC_cb2b0
/pbs/software/centos-7-x86_64/cmake/3.20.2/bin/cmake -E cmake_link_script CMakeFiles/cmTC_cb2b0.dir/link.txt --verbose=1
/pbs/software/centos-7-x86_64/gcc/7.3.0/bin/gcc  -DCHECK_FUNCTION_EXISTS=pthread_create -L/pbs/software/centos-7-x86_64/python/2.7.15/lib  -rdynamic CMakeFiles/cmTC_cb2b0.dir/CheckFunctionExists.c.o -o cmTC_cb2b0  -lpthreads 
/usr/bin/ld: cannot find -lpthreads
collect2: error: ld returned 1 exit status
gmake[1]: *** [cmTC_cb2b0] Error 1
gmake[1]: Leaving directory `/sps/nemo/scratch/mpetro/Projects/TestFalaiseModule/SNCuts/build/CMakeFiles/CMakeTmp'
gmake: *** [cmTC_cb2b0/fast] Error 2



